e:\graphicscoursework\example10_shadowmap\debug\vc141.pdb
e:\graphicscoursework\example10_shadowmap\debug\vc141.idb
e:\graphicscoursework\example10_shadowmap\debug\textureshader.obj
e:\graphicscoursework\example10_shadowmap\debug\depthshader.obj
e:\graphicscoursework\example10_shadowmap\debug\shadowshader.obj
e:\graphicscoursework\example10_shadowmap\debug\main.obj
e:\graphicscoursework\example10_shadowmap\debug\app1.obj
e:\graphicscoursework\example10_shadowmap\depth_ps.cso
e:\graphicscoursework\example10_shadowmap\depth_vs.cso
e:\graphicscoursework\example10_shadowmap\shadow_vs.cso
e:\graphicscoursework\example10_shadowmap\texture_ps.cso
e:\graphicscoursework\example10_shadowmap\texture_vs.cso
e:\graphicscoursework\example10_shadowmap\shadow_ps.cso
e:\graphicscoursework\debug\example10_shadowmap.exe
e:\graphicscoursework\debug\example10_shadowmap.ilk
e:\graphicscoursework\debug\example10_shadowmap.pdb
d:\graphicscoursework\example10_shadowmap\debug\depthshader.obj
d:\graphicscoursework\example10_shadowmap\debug\main.obj
d:\graphicscoursework\example10_shadowmap\debug\textureshader.obj
d:\graphicscoursework\example10_shadowmap\debug\shadowshader.obj
d:\graphicscoursework\example10_shadowmap\debug\app1.obj
d:\graphicscoursework\example10_shadowmap\debug\vc140.idb
d:\graphicscoursework\example10_shadowmap\debug\vc141.idb
d:\graphicscoursework\example10_shadowmap\debug\vc140.pdb
d:\graphicscoursework\example10_shadowmap\debug\vc141.pdb
d:\graphicscoursework\debug\example10_shadowmap.pdb
d:\graphicscoursework\debug\example10_shadowmap.exe
d:\graphicscoursework\debug\example10_shadowmap.ilk
d:\graphicscoursework\example10_shadowmap\debug\example1.2d84c2e8.tlog\cl.command.1.tlog
d:\graphicscoursework\example10_shadowmap\debug\example1.2d84c2e8.tlog\fxc.command.1.tlog
d:\graphicscoursework\example10_shadowmap\debug\example1.2d84c2e8.tlog\link.command.1.tlog
d:\graphicscoursework\example10_shadowmap\debug\example1.2d84c2e8.tlog\cl.read.1.tlog
d:\graphicscoursework\example10_shadowmap\debug\example1.2d84c2e8.tlog\fxc.read.1.tlog
d:\graphicscoursework\example10_shadowmap\debug\example1.2d84c2e8.tlog\link.read.1.tlog
d:\graphicscoursework\example10_shadowmap\debug\example1.2d84c2e8.tlog\cl.write.1.tlog
d:\graphicscoursework\example10_shadowmap\debug\example1.2d84c2e8.tlog\fxc.write.1.tlog
d:\graphicscoursework\example10_shadowmap\debug\example1.2d84c2e8.tlog\example10_shadowmap.write.1u.tlog
d:\graphicscoursework\example10_shadowmap\debug\example1.2d84c2e8.tlog\link.write.1.tlog
